c:\users\jerzy\documents\visual studio 2015\projects\calculator\calculator\debug\vc140.pdb
c:\users\jerzy\documents\visual studio 2015\projects\calculator\calculator\debug\vc140.idb
c:\users\jerzy\documents\visual studio 2015\projects\calculator\calculator\debug\aboutdialog.obj
c:\users\jerzy\documents\visual studio 2015\projects\calculator\calculator\debug\calculator.obj
c:\users\jerzy\documents\visual studio 2015\projects\calculator\calculator\debug\fancybutton.obj
c:\users\jerzy\documents\visual studio 2015\projects\calculator\calculator\debug\main.obj
c:\users\jerzy\documents\visual studio 2015\projects\calculator\calculator\debug\numericlcddisplay.obj
c:\users\jerzy\documents\visual studio 2015\projects\calculator\calculator\debug\calculator.res
c:\users\jerzy\documents\visual studio 2015\projects\calculator\debug\calculator.pdb
c:\users\jerzy\documents\visual studio 2015\projects\calculator\calculator\debug\calculator.tlog\cl.command.1.tlog
c:\users\jerzy\documents\visual studio 2015\projects\calculator\calculator\debug\calculator.tlog\cl.read.1.tlog
c:\users\jerzy\documents\visual studio 2015\projects\calculator\calculator\debug\calculator.tlog\cl.write.1.tlog
c:\users\jerzy\documents\visual studio 2015\projects\calculator\calculator\debug\calculator.tlog\link.6016-cvtres.read.1.tlog
c:\users\jerzy\documents\visual studio 2015\projects\calculator\calculator\debug\calculator.tlog\link.6016-cvtres.write.1.tlog
c:\users\jerzy\documents\visual studio 2015\projects\calculator\calculator\debug\calculator.tlog\link.6016-rc.read.1.tlog
c:\users\jerzy\documents\visual studio 2015\projects\calculator\calculator\debug\calculator.tlog\link.6016-rc.write.1.tlog
c:\users\jerzy\documents\visual studio 2015\projects\calculator\calculator\debug\calculator.tlog\link.6016.read.1.tlog
c:\users\jerzy\documents\visual studio 2015\projects\calculator\calculator\debug\calculator.tlog\link.6016.write.1.tlog
c:\users\jerzy\documents\visual studio 2015\projects\calculator\calculator\debug\calculator.tlog\link.command.1.tlog
c:\users\jerzy\documents\visual studio 2015\projects\calculator\calculator\debug\calculator.tlog\link.read.1.tlog
c:\users\jerzy\documents\visual studio 2015\projects\calculator\calculator\debug\calculator.tlog\link.write.1.tlog
c:\users\jerzy\documents\visual studio 2015\projects\calculator\calculator\debug\calculator.tlog\rc.command.1.tlog
c:\users\jerzy\documents\visual studio 2015\projects\calculator\calculator\debug\calculator.tlog\rc.read.1.tlog
c:\users\jerzy\documents\visual studio 2015\projects\calculator\calculator\debug\calculator.tlog\rc.write.1.tlog
